<?xml version="1.0" encoding="UTF-8"?>
<testsuite name="付款控制器整合測試" tests="11" skipped="0" failures="0" errors="0" timestamp="2025-10-27T06:03:34" hostname="RexdeMacBook-Pro.local" time="0.196">
  <properties/>
  <testcase name="處理退款 - 成功" classname="com.ecommerce.payment.infrastructure.adapter.web.PaymentControllerIntegrationTest" time="0.118"/>
  <testcase name="重試付款 - 成功" classname="com.ecommerce.payment.infrastructure.adapter.web.PaymentControllerIntegrationTest" time="0.026"/>
  <testcase name="取消付款 - 成功" classname="com.ecommerce.payment.infrastructure.adapter.web.PaymentControllerIntegrationTest" time="0.004"/>
  <testcase name="處理信用卡付款 - 餘額不足" classname="com.ecommerce.payment.infrastructure.adapter.web.PaymentControllerIntegrationTest" time="0.015"/>
  <testcase name="驗證請求參數 - 無效信用卡號" classname="com.ecommerce.payment.infrastructure.adapter.web.PaymentControllerIntegrationTest" time="0.008"/>
  <testcase name="驗證請求參數 - 無效金額" classname="com.ecommerce.payment.infrastructure.adapter.web.PaymentControllerIntegrationTest" time="0.004"/>
  <testcase name="處理內部服務錯誤" classname="com.ecommerce.payment.infrastructure.adapter.web.PaymentControllerIntegrationTest" time="0.003"/>
  <testcase name="處理信用卡付款 - 成功案例" classname="com.ecommerce.payment.infrastructure.adapter.web.PaymentControllerIntegrationTest" time="0.004"/>
  <testcase name="驗證請求參數 - 缺少必填欄位" classname="com.ecommerce.payment.infrastructure.adapter.web.PaymentControllerIntegrationTest" time="0.003"/>
  <testcase name="查詢付款狀態 - 成功" classname="com.ecommerce.payment.infrastructure.adapter.web.PaymentControllerIntegrationTest" time="0.002"/>
  <testcase name="處理信用卡付款 - 網路錯誤可重試" classname="com.ecommerce.payment.infrastructure.adapter.web.PaymentControllerIntegrationTest" time="0.003"/>
  <system-out><![CDATA[14:03:33.706 [Test worker] INFO org.springframework.test.context.support.AnnotationConfigContextLoaderUtils -- Could not detect default configuration classes for test class [com.ecommerce.payment.infrastructure.adapter.web.PaymentControllerIntegrationTest]: PaymentControllerIntegrationTest does not declare any static, non-private, non-final, nested classes annotated with @Configuration.
14:03:33.791 [Test worker] INFO org.springframework.boot.test.context.SpringBootTestContextBootstrapper -- Found @SpringBootConfiguration com.ecommerce.payment.PaymentServiceApplication for test class com.ecommerce.payment.infrastructure.adapter.web.PaymentControllerIntegrationTest

  .   ____          _            __ _ _
 /\\ / ___'_ __ _ _(_)_ __  __ _ \ \ \ \
( ( )\___ | '_ | '_| | '_ \/ _` | \ \ \ \
 \\/  ___)| |_)| | | | | || (_| |  ) ) ) )
  '  |____| .__|_| |_|_| |_\__, | / / / /
 =========|_|==============|___/=/_/_/_/
 :: Spring Boot ::                (v3.2.0)

2025-10-27T14:03:34.041+08:00  INFO 8581 --- [payment-service] [    Test worker] p.i.a.w.PaymentControllerIntegrationTest : Starting PaymentControllerIntegrationTest using Java 17.0.9 with PID 8581 (started by rexwang in /Users/rexwang/workspace/monorepo/payment-service)
2025-10-27T14:03:34.042+08:00  INFO 8581 --- [payment-service] [    Test worker] p.i.a.w.PaymentControllerIntegrationTest : No active profile set, falling back to 1 default profile: "default"
2025-10-27T14:03:34.799+08:00  INFO 8581 --- [payment-service] [    Test worker] o.s.b.t.m.w.SpringBootMockServletContext : Initializing Spring TestDispatcherServlet ''
2025-10-27T14:03:34.800+08:00  INFO 8581 --- [payment-service] [    Test worker] o.s.t.web.servlet.TestDispatcherServlet  : Initializing Servlet ''
2025-10-27T14:03:34.800+08:00  INFO 8581 --- [payment-service] [    Test worker] o.s.t.web.servlet.TestDispatcherServlet  : Completed initialization in 0 ms
2025-10-27T14:03:34.817+08:00  INFO 8581 --- [payment-service] [    Test worker] p.i.a.w.PaymentControllerIntegrationTest : Started PaymentControllerIntegrationTest in 0.977 seconds (process running for 2.558)
2025-10-27T14:03:34.993+08:00  WARN 8581 --- [payment-service] [    Test worker] .w.s.m.s.DefaultHandlerExceptionResolver : Resolved [org.springframework.web.bind.MethodArgumentNotValidException: Validation failed for argument [0] in public org.springframework.http.ResponseEntity<com.ecommerce.common.response.ApiResponse<com.ecommerce.payment.application.dto.PaymentResponse>> com.ecommerce.payment.infrastructure.adapter.web.PaymentController.processPayment(com.ecommerce.payment.application.dto.PaymentRequest): [Field error in object 'paymentRequest' on field 'cardNumber': rejected value [1234]; codes [Pattern.paymentRequest.cardNumber,Pattern.cardNumber,Pattern.java.lang.String,Pattern]; arguments [org.springframework.context.support.DefaultMessageSourceResolvable: codes [paymentRequest.cardNumber,cardNumber]; arguments []; default message [cardNumber],[Ljakarta.validation.constraints.Pattern$Flag;@27c827ec,^[0-9]{13,19}$]; default message [Invalid card number format]] ]
2025-10-27T14:03:34.998+08:00  WARN 8581 --- [payment-service] [    Test worker] .w.s.m.s.DefaultHandlerExceptionResolver : Resolved [org.springframework.web.bind.MethodArgumentNotValidException: Validation failed for argument [0] in public org.springframework.http.ResponseEntity<com.ecommerce.common.response.ApiResponse<com.ecommerce.payment.application.dto.PaymentResponse>> com.ecommerce.payment.infrastructure.adapter.web.PaymentController.processPayment(com.ecommerce.payment.application.dto.PaymentRequest): [Field error in object 'paymentRequest' on field 'amount': rejected value [0]; codes [DecimalMin.paymentRequest.amount,DecimalMin.amount,DecimalMin.java.math.BigDecimal,DecimalMin]; arguments [org.springframework.context.support.DefaultMessageSourceResolvable: codes [paymentRequest.amount,amount]; arguments []; default message [amount],true,0.01]; default message [Amount must be greater than zero]] ]
2025-10-27T14:03:35.010+08:00  WARN 8581 --- [payment-service] [    Test worker] .w.s.m.s.DefaultHandlerExceptionResolver : Resolved [org.springframework.web.bind.MethodArgumentNotValidException: Validation failed for argument [0] in public org.springframework.http.ResponseEntity<com.ecommerce.common.response.ApiResponse<com.ecommerce.payment.application.dto.PaymentResponse>> com.ecommerce.payment.infrastructure.adapter.web.PaymentController.processPayment(com.ecommerce.payment.application.dto.PaymentRequest) with 4 errors: [Field error in object 'paymentRequest' on field 'paymentMethod': rejected value [null]; codes [NotNull.paymentRequest.paymentMethod,NotNull.paymentMethod,NotNull.com.ecommerce.payment.domain.model.PaymentMethod,NotNull]; arguments [org.springframework.context.support.DefaultMessageSourceResolvable: codes [paymentRequest.paymentMethod,paymentMethod]; arguments []; default message [paymentMethod]]; default message [Payment method is required]] [Field error in object 'paymentRequest' on field 'customerId': rejected value [null]; codes [NotBlank.paymentRequest.customerId,NotBlank.customerId,NotBlank.java.lang.String,NotBlank]; arguments [org.springframework.context.support.DefaultMessageSourceResolvable: codes [paymentRequest.customerId,customerId]; arguments []; default message [customerId]]; default message [Customer ID is required]] [Field error in object 'paymentRequest' on field 'orderId': rejected value [null]; codes [NotBlank.paymentRequest.orderId,NotBlank.orderId,NotBlank.java.lang.String,NotBlank]; arguments [org.springframework.context.support.DefaultMessageSourceResolvable: codes [paymentRequest.orderId,orderId]; arguments []; default message [orderId]]; default message [Order ID is required]] [Field error in object 'paymentRequest' on field 'amount': rejected value [null]; codes [NotNull.paymentRequest.amount,NotNull.amount,NotNull.java.math.BigDecimal,NotNull]; arguments [org.springframework.context.support.DefaultMessageSourceResolvable: codes [paymentRequest.amount,amount]; arguments []; default message [amount]]; default message [Amount is required]] ]
]]></system-out>
  <system-err><![CDATA[]]></system-err>
</testsuite>
