<!DOCTYPE html>
<html>
<head>
<meta http-equiv="Content-Type" content="text/html; charset=utf-8"/>
<meta http-equiv="x-ua-compatible" content="IE=edge"/>
<title>Test results - 付款控制器整合測試</title>
<link href="../css/base-style.css" rel="stylesheet" type="text/css"/>
<link href="../css/style.css" rel="stylesheet" type="text/css"/>
<script src="../js/report.js" type="text/javascript"></script>
</head>
<body>
<div id="content">
<h1>付款控制器整合測試</h1>
<div class="breadcrumbs">
<a href="../index.html">all</a> &gt; 
<a href="../packages/com.ecommerce.payment.infrastructure.adapter.web.html">com.ecommerce.payment.infrastructure.adapter.web</a> &gt; PaymentControllerIntegrationTest</div>
<div id="summary">
<table>
<tr>
<td>
<div class="summaryGroup">
<table>
<tr>
<td>
<div class="infoBox" id="tests">
<div class="counter">11</div>
<p>tests</p>
</div>
</td>
<td>
<div class="infoBox" id="failures">
<div class="counter">0</div>
<p>failures</p>
</div>
</td>
<td>
<div class="infoBox" id="ignored">
<div class="counter">0</div>
<p>ignored</p>
</div>
</td>
<td>
<div class="infoBox" id="duration">
<div class="counter">0.190s</div>
<p>duration</p>
</div>
</td>
</tr>
</table>
</div>
</td>
<td>
<div class="infoBox success" id="successRate">
<div class="percent">100%</div>
<p>successful</p>
</div>
</td>
</tr>
</table>
</div>
<div id="tabs">
<ul class="tabLinks">
<li>
<a href="#tab0">Tests</a>
</li>
<li>
<a href="#tab1">Standard output</a>
</li>
</ul>
<div id="tab0" class="tab">
<h2>Tests</h2>
<table>
<thead>
<tr>
<th>Test</th>
<th>Method name</th>
<th>Duration</th>
<th>Result</th>
</tr>
</thead>
<tr>
<td class="success">取消付款 - 成功</td>
<td class="success">shouldCancelPaymentSuccessfully()</td>
<td class="success">0.004s</td>
<td class="success">passed</td>
</tr>
<tr>
<td class="success">查詢付款狀態 - 成功</td>
<td class="success">shouldGetPaymentStatusSuccessfully()</td>
<td class="success">0.002s</td>
<td class="success">passed</td>
</tr>
<tr>
<td class="success">處理信用卡付款 - 餘額不足</td>
<td class="success">shouldHandleInsufficientFundsError()</td>
<td class="success">0.015s</td>
<td class="success">passed</td>
</tr>
<tr>
<td class="success">處理內部服務錯誤</td>
<td class="success">shouldHandleInternalServiceError()</td>
<td class="success">0.003s</td>
<td class="success">passed</td>
</tr>
<tr>
<td class="success">處理信用卡付款 - 網路錯誤可重試</td>
<td class="success">shouldHandleNetworkErrorWithRetry()</td>
<td class="success">0.003s</td>
<td class="success">passed</td>
</tr>
<tr>
<td class="success">處理信用卡付款 - 成功案例</td>
<td class="success">shouldProcessCreditCardPaymentSuccessfully()</td>
<td class="success">0.004s</td>
<td class="success">passed</td>
</tr>
<tr>
<td class="success">處理退款 - 成功</td>
<td class="success">shouldProcessRefundSuccessfully()</td>
<td class="success">0.118s</td>
<td class="success">passed</td>
</tr>
<tr>
<td class="success">重試付款 - 成功</td>
<td class="success">shouldRetryPaymentSuccessfully()</td>
<td class="success">0.026s</td>
<td class="success">passed</td>
</tr>
<tr>
<td class="success">驗證請求參數 - 無效金額</td>
<td class="success">shouldValidateInvalidAmount()</td>
<td class="success">0.004s</td>
<td class="success">passed</td>
</tr>
<tr>
<td class="success">驗證請求參數 - 無效信用卡號</td>
<td class="success">shouldValidateInvalidCardNumber()</td>
<td class="success">0.008s</td>
<td class="success">passed</td>
</tr>
<tr>
<td class="success">驗證請求參數 - 缺少必填欄位</td>
<td class="success">shouldValidateRequiredFields()</td>
<td class="success">0.003s</td>
<td class="success">passed</td>
</tr>
</table>
</div>
<div id="tab1" class="tab">
<h2>Standard output</h2>
<span class="code">
<pre>14:03:33.706 [Test worker] INFO org.springframework.test.context.support.AnnotationConfigContextLoaderUtils -- Could not detect default configuration classes for test class [com.ecommerce.payment.infrastructure.adapter.web.PaymentControllerIntegrationTest]: PaymentControllerIntegrationTest does not declare any static, non-private, non-final, nested classes annotated with @Configuration.
14:03:33.791 [Test worker] INFO org.springframework.boot.test.context.SpringBootTestContextBootstrapper -- Found @SpringBootConfiguration com.ecommerce.payment.PaymentServiceApplication for test class com.ecommerce.payment.infrastructure.adapter.web.PaymentControllerIntegrationTest

  .   ____          _            __ _ _
 /\\ / ___'_ __ _ _(_)_ __  __ _ \ \ \ \
( ( )\___ | '_ | '_| | '_ \/ _` | \ \ \ \
 \\/  ___)| |_)| | | | | || (_| |  ) ) ) )
  '  |____| .__|_| |_|_| |_\__, | / / / /
 =========|_|==============|___/=/_/_/_/
 :: Spring Boot ::                (v3.2.0)

2025-10-27T14:03:34.041+08:00  INFO 8581 --- [payment-service] [    Test worker] p.i.a.w.PaymentControllerIntegrationTest : Starting PaymentControllerIntegrationTest using Java 17.0.9 with PID 8581 (started by rexwang in /Users/rexwang/workspace/monorepo/payment-service)
2025-10-27T14:03:34.042+08:00  INFO 8581 --- [payment-service] [    Test worker] p.i.a.w.PaymentControllerIntegrationTest : No active profile set, falling back to 1 default profile: &quot;default&quot;
2025-10-27T14:03:34.799+08:00  INFO 8581 --- [payment-service] [    Test worker] o.s.b.t.m.w.SpringBootMockServletContext : Initializing Spring TestDispatcherServlet ''
2025-10-27T14:03:34.800+08:00  INFO 8581 --- [payment-service] [    Test worker] o.s.t.web.servlet.TestDispatcherServlet  : Initializing Servlet ''
2025-10-27T14:03:34.800+08:00  INFO 8581 --- [payment-service] [    Test worker] o.s.t.web.servlet.TestDispatcherServlet  : Completed initialization in 0 ms
2025-10-27T14:03:34.817+08:00  INFO 8581 --- [payment-service] [    Test worker] p.i.a.w.PaymentControllerIntegrationTest : Started PaymentControllerIntegrationTest in 0.977 seconds (process running for 2.558)
2025-10-27T14:03:34.993+08:00  WARN 8581 --- [payment-service] [    Test worker] .w.s.m.s.DefaultHandlerExceptionResolver : Resolved [org.springframework.web.bind.MethodArgumentNotValidException: Validation failed for argument [0] in public org.springframework.http.ResponseEntity&lt;com.ecommerce.common.response.ApiResponse&lt;com.ecommerce.payment.application.dto.PaymentResponse&gt;&gt; com.ecommerce.payment.infrastructure.adapter.web.PaymentController.processPayment(com.ecommerce.payment.application.dto.PaymentRequest): [Field error in object 'paymentRequest' on field 'cardNumber': rejected value [1234]; codes [Pattern.paymentRequest.cardNumber,Pattern.cardNumber,Pattern.java.lang.String,Pattern]; arguments [org.springframework.context.support.DefaultMessageSourceResolvable: codes [paymentRequest.cardNumber,cardNumber]; arguments []; default message [cardNumber],[Ljakarta.validation.constraints.Pattern$Flag;@27c827ec,^[0-9]{13,19}$]; default message [Invalid card number format]] ]
2025-10-27T14:03:34.998+08:00  WARN 8581 --- [payment-service] [    Test worker] .w.s.m.s.DefaultHandlerExceptionResolver : Resolved [org.springframework.web.bind.MethodArgumentNotValidException: Validation failed for argument [0] in public org.springframework.http.ResponseEntity&lt;com.ecommerce.common.response.ApiResponse&lt;com.ecommerce.payment.application.dto.PaymentResponse&gt;&gt; com.ecommerce.payment.infrastructure.adapter.web.PaymentController.processPayment(com.ecommerce.payment.application.dto.PaymentRequest): [Field error in object 'paymentRequest' on field 'amount': rejected value [0]; codes [DecimalMin.paymentRequest.amount,DecimalMin.amount,DecimalMin.java.math.BigDecimal,DecimalMin]; arguments [org.springframework.context.support.DefaultMessageSourceResolvable: codes [paymentRequest.amount,amount]; arguments []; default message [amount],true,0.01]; default message [Amount must be greater than zero]] ]
2025-10-27T14:03:35.010+08:00  WARN 8581 --- [payment-service] [    Test worker] .w.s.m.s.DefaultHandlerExceptionResolver : Resolved [org.springframework.web.bind.MethodArgumentNotValidException: Validation failed for argument [0] in public org.springframework.http.ResponseEntity&lt;com.ecommerce.common.response.ApiResponse&lt;com.ecommerce.payment.application.dto.PaymentResponse&gt;&gt; com.ecommerce.payment.infrastructure.adapter.web.PaymentController.processPayment(com.ecommerce.payment.application.dto.PaymentRequest) with 4 errors: [Field error in object 'paymentRequest' on field 'paymentMethod': rejected value [null]; codes [NotNull.paymentRequest.paymentMethod,NotNull.paymentMethod,NotNull.com.ecommerce.payment.domain.model.PaymentMethod,NotNull]; arguments [org.springframework.context.support.DefaultMessageSourceResolvable: codes [paymentRequest.paymentMethod,paymentMethod]; arguments []; default message [paymentMethod]]; default message [Payment method is required]] [Field error in object 'paymentRequest' on field 'customerId': rejected value [null]; codes [NotBlank.paymentRequest.customerId,NotBlank.customerId,NotBlank.java.lang.String,NotBlank]; arguments [org.springframework.context.support.DefaultMessageSourceResolvable: codes [paymentRequest.customerId,customerId]; arguments []; default message [customerId]]; default message [Customer ID is required]] [Field error in object 'paymentRequest' on field 'orderId': rejected value [null]; codes [NotBlank.paymentRequest.orderId,NotBlank.orderId,NotBlank.java.lang.String,NotBlank]; arguments [org.springframework.context.support.DefaultMessageSourceResolvable: codes [paymentRequest.orderId,orderId]; arguments []; default message [orderId]]; default message [Order ID is required]] [Field error in object 'paymentRequest' on field 'amount': rejected value [null]; codes [NotNull.paymentRequest.amount,NotNull.amount,NotNull.java.math.BigDecimal,NotNull]; arguments [org.springframework.context.support.DefaultMessageSourceResolvable: codes [paymentRequest.amount,amount]; arguments []; default message [amount]]; default message [Amount is required]] ]
</pre>
</span>
</div>
</div>
<div id="footer">
<p>
<div>
<label class="hidden" id="label-for-line-wrapping-toggle" for="line-wrapping-toggle">Wrap lines
<input id="line-wrapping-toggle" type="checkbox" autocomplete="off"/>
</label>
</div>Generated by 
<a href="http://www.gradle.org">Gradle 8.5</a> at 2025年10月27日 下午2:03:35</p>
</div>
</div>
</body>
</html>
